
======================================================================
  FINNIFTY ALGORITHMIC TRADING SYSTEM
======================================================================

======================================================================
SPLITTING DATA: TRAIN / VAL / TEST
======================================================================
Loading 12 file(s)...
  0%|          | 0/12 [00:00<?, ?it/s] 25%|##5       | 3/12 [00:00<00:00, 21.57it/s] 50%|#####     | 6/12 [00:00<00:00, 25.49it/s] 83%|########3 | 10/12 [00:00<00:00, 25.81it/s]100%|##########| 12/12 [00:00<00:00, 25.26it/s]
Loaded 253,539 records | 2021-08-04 10:00:00 to 2026-01-27 15:29:00
Loading 2 file(s)...
  0%|          | 0/2 [00:00<?, ?it/s]100%|##########| 2/2 [00:00<00:00, 26.00it/s]
Loaded 45,048 records | 2023-01-27 09:15:00 to 2023-07-24 15:29:00
Loading 3 file(s)...
  0%|          | 0/3 [00:00<?, ?it/s]100%|##########| 3/3 [00:00<00:00, 27.54it/s]100%|##########| 3/3 [00:00<00:00, 27.54it/s]
Loaded 68,150 records | 2023-07-25 09:16:00 to 2024-04-19 15:29:00
Train: 253,539 | Val: 45,048 | Test: 68,150

--- Feature Engineering ---

Engineering features...
  [OK] Fibonacci levels
  [OK] FVG
  [OK] Market regime
  [OK] Overstretched detection
  [OK] Chandelier exit
  [OK] Time features
  [OK] Technical indicators
  [OK] Target variable
  Total columns: 119

Engineering features...
  [OK] Fibonacci levels
  [OK] FVG
  [OK] Market regime
  [OK] Overstretched detection
  [OK] Chandelier exit
  [OK] Time features
  [OK] Technical indicators
  [OK] Target variable
  Total columns: 119

Engineering features...
  [OK] Fibonacci levels
  [OK] FVG
  [OK] Market regime
  [OK] Overstretched detection
  [OK] Chandelier exit
  [OK] Time features
  [OK] Technical indicators
  [OK] Target variable
  Total columns: 119

--- Preparing Datasets ---

  Samples: 253,539 | Features: 44
  Up: 127,165 (50.2%) | Down: 126,374 (49.8%)

  Samples: 45,048 | Features: 44
  Up: 22,837 (50.7%) | Down: 22,211 (49.3%)

  Samples: 68,150 | Features: 44
  Up: 34,281 (50.3%) | Down: 33,869 (49.7%)

  Train: 253,539 | Val: 45,048 | Test: 68,150
  Class ratio - Neg: 126,374 | Pos: 127,165 | scale_pos_weight: 0.994

======================================================================
TRAINING XGBOOST MODEL
======================================================================
[0]	validation_0-logloss:0.69297	validation_0-auc:0.53512	validation_1-logloss:0.69296	validation_1-auc:0.54132
[46]	validation_0-logloss:0.68470	validation_0-auc:0.56022	validation_1-logloss:0.68475	validation_1-auc:0.56668

[OK] Training complete | best_iteration=16

  Long threshold:  0.5060 | precision_up: 0.620 | recall: 0.146 | signal_rate: 11.94%
  Short threshold: 0.4947 | precision_dn: 0.621 | recall: 0.108 | signal_rate: 8.59%

======================================================================
EVALUATING: Validation Set
======================================================================
              precision    recall  f1-score   support

        Down       0.51      0.91      0.65     22211
          Up       0.62      0.15      0.24     22837

    accuracy                           0.52     45048
   macro avg       0.56      0.53      0.44     45048
weighted avg       0.56      0.52      0.44     45048

ROC-AUC: 0.5687

======================================================================
EVALUATING: Test Set
======================================================================
              precision    recall  f1-score   support

        Down       0.51      0.91      0.66     33869
          Up       0.62      0.15      0.24     34281

    accuracy                           0.53     68150
   macro avg       0.56      0.53      0.45     68150
weighted avg       0.57      0.53      0.45     68150

ROC-AUC: 0.5677

Top 30 Features:
           feature  importance
       bullish_fvg    0.363229
       bearish_fvg    0.328567
               rsi    0.023354
             roc_5    0.020160
    price_vs_sma20    0.014290
      candle_range    0.013340
       bb_position    0.013250
            roc_10    0.013142
       candle_body    0.011280
           plus_di    0.011194
regime_strong_down    0.010708
            bb_std    0.010571
       day_of_week    0.010149
        is_bullish    0.010006
          fvg_size    0.010000
        lower_wick    0.009894
        upper_wick    0.009732
            in_fvg    0.009189
     overstretched    0.008430
   is_closing_hour    0.008287
    returns_std_20    0.008240
    regime_ranging    0.007634
price_distance_atr    0.007601
     returns_std_5    0.007418
         macd_hist    0.006915
               adx    0.006541
    is_mid_session    0.006090
              hour    0.005605
 days_to_month_end    0.005548
            roc_20    0.005468
[OK] Saved: outputs/feature_importance.png
[OK] Model artifacts saved to outputs/

  Raw long signals:  8,218  | Raw short signals: 5,453
  After filter long:  38
  After filter short: 0
    confluence (OTE | FVG):    18,838
    up_trend (ADX>20 & +DI):   18,990
    down_trend (ADX>20 & -DI): 20,571
    in_session (10.0-14.5): 49,113

======================================================================
RUNNING BACKTEST
======================================================================
  Trade legs: 56 (entries: 32 | long legs: 56 | short legs: 0)
  Final capital: $107,789.36 | Return: 7.79%
  Halted entries: 1  (event:1  daily_dd:0  streak:0  strategy_dd:0)

======================================================================
PERFORMANCE REPORT
======================================================================

  RISK-ADJUSTED
  Sharpe:            11.9903
  Sortino:           50.9158
  Max Drawdown:        -2.04%

  TRADE STATS
  Total Trades:           56
  Win Rate:            64.29%
  Profit Factor:        2.56
  Expectancy:     $    139.10

  RETURNS
  Total Return:         7.79%
  Gross Profit:   $ 12,782.10
  Gross Loss:     $  4,992.74

[OK] Results saved to outputs/
[OK] Saved: C:\Users\mohin\OneDrive\Desktop\Datathon\E-Summit Fintech Hackathon\outputs\test_set_equity.png
[OK] Saved: C:\Users\mohin\OneDrive\Desktop\Datathon\E-Summit Fintech Hackathon\outputs\test_set_spot.png
[OK] Saved: C:\Users\mohin\OneDrive\Desktop\Datathon\E-Summit Fintech Hackathon\outputs\test_set_trade_quality.png
[OK] Saved: C:\Users\mohin\OneDrive\Desktop\Datathon\E-Summit Fintech Hackathon\outputs\test_set_time_analysis.png

======================================================================
  DONE — check the outputs/ folder for all results
======================================================================
